<?xml version="1.0" encoding="UTF-8" ?>
<testsuite errors="0" failures="0" hostname="K12K" name="WordTest.UITest" skipped="0" tests="3" time="0.861" timestamp="2019-09-15T08:03:15">
  <properties>
[...]
</properties>
  <testcase classname="WordTest.UITest" name="testCalcCnc" time="0.617" />
  <testcase classname="WordTest.UITest" name="testCalCtc" time="0.046" />
  <testcase classname="WordTest.UITest" name="testCalcCs" time="0.052" />
  <system-out><![CDATA[Test of calcCnc method
public
class
FibonacciMain
{
public
static
long
fibonacci(long
number)
{








if
((number
==
0)
||
(number
==
1))
{
//
base
cases












return
number;








}
		else
{












//
recursion
step












return
fibonacci(number
-
1)
+
fibonacci(number
-
2);








}




}
public
static
void
main(String
args[])
{








for
(int
count
=
0;
count
<=
10;
count++)
{












System.out.println("if
Fibonacci
of
"
+
count
+
"
is
"+
fibonacci(count));








}




}
}
Test of calCtc method
Test of calcCs method
]]></system-out>
  <system-err><![CDATA[]]></system-err>
</testsuite>
